<html xmlns:lxslt="http://xml.apache.org/xslt" xmlns:stringutils="xalan://org.apache.tools.ant.util.StringUtils">
    <head>
        <META http-equiv="Content-Type" content="text/html; charset=US-ASCII">
        <title>Unit Test Results: All Tests</title>
        <link rel="stylesheet" type="text/css" title="Style" href="stylesheet.css">
    </head>
    <body onload="open('allclasses-frame.html','classListFrame')">
        <h1>Unit Test Results.</h1>
        <table width="100%">
            <tr>
                <td align="left"></td><td align="right">Designed for use with <a href="http://www.junit.org/">JUnit</a> and <a href="http://ant.apache.org/">Ant</a>.</td>
            </tr>
        </table>
        <hr size="1">
        <h2>All Tests</h2>
        <table class="details" border="0" cellpadding="5" cellspacing="2" width="95%">
            <tr valign="top">
                <th>Class</th><th>Name</th><th>Status</th><th width="80%">Type</th><th nowrap>Time(s)</th>
            </tr>
            <tr valign="top" class="TableRowColor">
                <td><a href="oracle/json/tests/soda/2_test_OracleCollectionAdmin.html">test_OracleCollectionAdmin</a></td><td><a name="testCreateIndex2"></a><a href="oracle/json/tests/soda/2_test_OracleCollectionAdmin.html#testCreateIndex2">testCreateIndex2</a></td><td>Success</td><td></td><td>3.485</td>
            </tr>
            <tr valign="top" class="TableRowColor">
                <td><a href="oracle/json/tests/soda/2_test_OracleCollectionAdmin.html">test_OracleCollectionAdmin</a></td><td><a name="testMultiValueIndex"></a><a href="oracle/json/tests/soda/2_test_OracleCollectionAdmin.html#testMultiValueIndex">testMultiValueIndex</a></td><td>Success</td><td></td><td>0.142</td>
            </tr>
            <tr valign="top" class="TableRowColor">
                <td><a href="oracle/json/tests/soda/2_test_OracleCollectionAdmin.html">test_OracleCollectionAdmin</a></td><td><a name="testCreateIndexScalarRequiredNeg1"></a><a href="oracle/json/tests/soda/2_test_OracleCollectionAdmin.html#testCreateIndexScalarRequiredNeg1">testCreateIndexScalarRequiredNeg1</a></td><td>Success</td><td></td><td>0.287</td>
            </tr>
            <tr valign="top" class="TableRowColor">
                <td><a href="oracle/json/tests/soda/2_test_OracleCollectionAdmin.html">test_OracleCollectionAdmin</a></td><td><a name="testCreateIndexScalarRequiredNeg2"></a><a href="oracle/json/tests/soda/2_test_OracleCollectionAdmin.html#testCreateIndexScalarRequiredNeg2">testCreateIndexScalarRequiredNeg2</a></td><td>Success</td><td></td><td>0.258</td>
            </tr>
            <tr valign="top" class="TableRowColor">
                <td><a href="oracle/json/tests/soda/2_test_OracleCollectionAdmin.html">test_OracleCollectionAdmin</a></td><td><a name="testCreateIndexScalarRequiredNeg3"></a><a href="oracle/json/tests/soda/2_test_OracleCollectionAdmin.html#testCreateIndexScalarRequiredNeg3">testCreateIndexScalarRequiredNeg3</a></td><td>Success</td><td></td><td>0.350</td>
            </tr>
            <tr valign="top" class="TableRowColor">
                <td><a href="oracle/json/tests/soda/2_test_OracleCollectionAdmin.html">test_OracleCollectionAdmin</a></td><td><a name="testJsonSearchIndex2Varchar2"></a><a href="oracle/json/tests/soda/2_test_OracleCollectionAdmin.html#testJsonSearchIndex2Varchar2">testJsonSearchIndex2Varchar2</a></td><td>Success</td><td></td><td>36.306</td>
            </tr>
            <tr valign="top" class="TableRowColor">
                <td><a href="oracle/json/tests/soda/2_test_OracleCollectionAdmin.html">test_OracleCollectionAdmin</a></td><td><a name="testTruncate"></a><a href="oracle/json/tests/soda/2_test_OracleCollectionAdmin.html#testTruncate">testTruncate</a></td><td>Success</td><td></td><td>0.756</td>
            </tr>
            <tr valign="top" class="TableRowColor">
                <td><a href="oracle/json/tests/soda/2_test_OracleCollectionAdmin.html">test_OracleCollectionAdmin</a></td><td><a name="testFuncIndexInPlan1"></a><a href="oracle/json/tests/soda/2_test_OracleCollectionAdmin.html#testFuncIndexInPlan1">testFuncIndexInPlan1</a></td><td>Success</td><td></td><td>12.310</td>
            </tr>
            <tr valign="top" class="TableRowColor">
                <td><a href="oracle/json/tests/soda/2_test_OracleCollectionAdmin.html">test_OracleCollectionAdmin</a></td><td><a name="testFuncIndexInPlan2"></a><a href="oracle/json/tests/soda/2_test_OracleCollectionAdmin.html#testFuncIndexInPlan2">testFuncIndexInPlan2</a></td><td>Success</td><td></td><td>9.073</td>
            </tr>
            <tr valign="top" class="Error">
                <td><a href="oracle/json/tests/soda/2_test_OracleCollectionAdmin.html">test_OracleCollectionAdmin</a></td><td><a name="testJsonSearchIndex"></a><a href="oracle/json/tests/soda/2_test_OracleCollectionAdmin.html#testJsonSearchIndex">testJsonSearchIndex</a></td><td>Error</td><td>N/A
                    <br>
                    <br>
                    <code>oracle.soda.rdbms.impl.SODAUtils$1OracleSQLException<br/>	at oracle.soda.rdbms.impl.SODAUtils.makeExceptionWithSQLText(SODAUtils.java:124)<br/>	at oracle.soda.rdbms.impl.SODAUtils.makeExceptionWithSQLText(SODAUtils.java:87)<br/>	at oracle.soda.rdbms.impl.TableCollectionImpl.insertAndGet(TableCollectionImpl.java:1033)<br/>	at oracle.soda.rdbms.impl.TableCollectionImpl.insertAndGet(TableCollectionImpl.java:734)<br/>	at oracle.soda.rdbms.impl.TableCollectionImpl.insert(TableCollectionImpl.java:724)<br/>	at oracle.json.tests.soda.test_OracleCollectionAdmin.testJsonSearchIndexWithCol(test_OracleCollectionAdmin.java:550)<br/>	at oracle.json.tests.soda.test_OracleCollectionAdmin.testJsonSearchIndex(test_OracleCollectionAdmin.java:698)<br/>	at java.base/jdk.internal.reflect.NativeMethodAccessorImpl.invoke0(Native Method)<br/>	at java.base/jdk.internal.reflect.NativeMethodAccessorImpl.invoke(NativeMethodAccessorImpl.java:62)<br/>	at java.base/jdk.internal.reflect.DelegatingMethodAccessorImpl.invoke(DelegatingMethodAccessorImpl.java:43)<br/>	at oracle.json.testharness.JsonTestCase.run(JsonTestCase.java:45)<br/>Caused by: java.sql.SQLIntegrityConstraintViolationException: ORA-01400: cannot insert NULL into ("SCOTT"."testIndexAll1"."RESID")<br/><br/>https://docs.oracle.com/error-help/db/ora-01400/<br/>	at oracle.jdbc.driver.T4CTTIoer11.processError(T4CTTIoer11.java:702)<br/>	at oracle.jdbc.driver.T4CTTIoer11.processError(T4CTTIoer11.java:608)<br/>	at oracle.jdbc.driver.T4C8Oall.processError(T4C8Oall.java:1277)<br/>	at oracle.jdbc.driver.T4CTTIfun.receive(T4CTTIfun.java:1102)<br/>	at oracle.jdbc.driver.T4CTTIfun.doRPC(T4CTTIfun.java:456)<br/>	at oracle.jdbc.driver.T4C8Oall.doOALL(T4C8Oall.java:482)<br/>	at oracle.jdbc.driver.T4CPreparedStatement.doOall8(T4CPreparedStatement.java:259)<br/>	at oracle.jdbc.driver.T4CPreparedStatement.executeForRows(T4CPreparedStatement.java:1207)<br/>	at oracle.jdbc.driver.OracleStatement.executeSQLStatement(OracleStatement.java:1652)<br/>	at oracle.jdbc.driver.OracleStatement.doExecuteWithTimeout(OracleStatement.java:1417)<br/>	at oracle.jdbc.driver.OraclePreparedStatement.executeInternal(OraclePreparedStatement.java:3731)<br/>	at oracle.jdbc.driver.OraclePreparedStatement.executeLargeUpdate(OraclePreparedStatement.java:3912)<br/>	at oracle.jdbc.driver.OraclePreparedStatement.executeUpdate(OraclePreparedStatement.java:3887)<br/>	at oracle.jdbc.driver.OraclePreparedStatementWrapper.executeUpdate(OraclePreparedStatementWrapper.java:993)<br/>	at oracle.soda.rdbms.impl.TableCollectionImpl.insertAndGet(TableCollectionImpl.java:955)<br/>Caused by: Error : 1400, Position : 10, SQL = insert into "SCOTT"."testIndexAll1" ("DATA") values (:1 ) returning "RESID", "ETAG" into :2 , :3 , Original SQL = insert into "SCOTT"."testIndexAll1" ("DATA") values (?) returning "RESID", "ETAG" into ?, ?, Error Message = ORA-01400: cannot insert NULL into ("SCOTT"."testIndexAll1"."RESID")<br/><br/>	at oracle.jdbc.driver.T4CTTIoer11.processError(T4CTTIoer11.java:710)<br/></code></td><td>0.252</td>
            </tr>
            <tr valign="top" class="TableRowColor">
                <td><a href="oracle/json/tests/soda/2_test_OracleCollectionAdmin.html">test_OracleCollectionAdmin</a></td><td><a name="testCreateIndex"></a><a href="oracle/json/tests/soda/2_test_OracleCollectionAdmin.html#testCreateIndex">testCreateIndex</a></td><td>Success</td><td></td><td>2.645</td>
            </tr>
            <tr valign="top" class="TableRowColor">
                <td><a href="oracle/json/tests/soda/2_test_OracleCollectionAdmin.html">test_OracleCollectionAdmin</a></td><td><a name="testDrop"></a><a href="oracle/json/tests/soda/2_test_OracleCollectionAdmin.html#testDrop">testDrop</a></td><td>Success</td><td></td><td>0.434</td>
            </tr>
            <tr valign="top" class="TableRowColor">
                <td><a href="oracle/json/tests/soda/2_test_OracleCollectionAdmin.html">test_OracleCollectionAdmin</a></td><td><a name="testJsonSearchIndexDefaulting"></a><a href="oracle/json/tests/soda/2_test_OracleCollectionAdmin.html#testJsonSearchIndexDefaulting">testJsonSearchIndexDefaulting</a></td><td>Success</td><td></td><td>4.212</td>
            </tr>
            <tr valign="top" class="TableRowColor">
                <td><a href="oracle/json/tests/soda/2_test_OracleCollectionAdmin.html">test_OracleCollectionAdmin</a></td><td><a name="testAnyScalarJsonIndex"></a><a href="oracle/json/tests/soda/2_test_OracleCollectionAdmin.html#testAnyScalarJsonIndex">testAnyScalarJsonIndex</a></td><td>Success</td><td></td><td>0.088</td>
            </tr>
            <tr valign="top" class="TableRowColor">
                <td><a href="oracle/json/tests/soda/2_test_OracleCollectionAdmin.html">test_OracleCollectionAdmin</a></td><td><a name="testGetName"></a><a href="oracle/json/tests/soda/2_test_OracleCollectionAdmin.html#testGetName">testGetName</a></td><td>Success</td><td></td><td>0.162</td>
            </tr>
            <tr valign="top" class="TableRowColor">
                <td><a href="oracle/json/tests/soda/2_test_OracleCollectionAdmin.html">test_OracleCollectionAdmin</a></td><td><a name="testCreateIndexScalarRequired"></a><a href="oracle/json/tests/soda/2_test_OracleCollectionAdmin.html#testCreateIndexScalarRequired">testCreateIndexScalarRequired</a></td><td>Success</td><td></td><td>0.296</td>
            </tr>
            <tr valign="top" class="TableRowColor">
                <td><a href="oracle/json/tests/soda/2_test_OracleCollectionAdmin.html">test_OracleCollectionAdmin</a></td><td><a name="testJsonSearchIndexNeg"></a><a href="oracle/json/tests/soda/2_test_OracleCollectionAdmin.html#testJsonSearchIndexNeg">testJsonSearchIndexNeg</a></td><td>Success</td><td></td><td>2.473</td>
            </tr>
            <tr valign="top" class="TableRowColor">
                <td><a href="oracle/json/tests/soda/2_test_OracleCollectionAdmin.html">test_OracleCollectionAdmin</a></td><td><a name="testCreateIndexNeg"></a><a href="oracle/json/tests/soda/2_test_OracleCollectionAdmin.html#testCreateIndexNeg">testCreateIndexNeg</a></td><td>Success</td><td></td><td>0.085</td>
            </tr>
            <tr valign="top" class="Error">
                <td><a href="oracle/json/tests/soda/2_test_OracleCollectionAdmin.html">test_OracleCollectionAdmin</a></td><td><a name="testCreateIndexTTL"></a><a href="oracle/json/tests/soda/2_test_OracleCollectionAdmin.html#testCreateIndexTTL">testCreateIndexTTL</a></td><td>Error</td><td>N/A
                    <br>
                    <br>
                    <code>oracle.soda.rdbms.impl.SODAUtils$1OracleSQLException<br/>	at oracle.soda.rdbms.impl.SODAUtils.makeExceptionWithSQLText(SODAUtils.java:124)<br/>	at oracle.soda.rdbms.impl.SODAUtils.makeExceptionWithSQLText(SODAUtils.java:87)<br/>	at oracle.soda.rdbms.impl.OracleCollectionImpl.callCreateIndexPLSQL(OracleCollectionImpl.java:1789)<br/>	at oracle.soda.rdbms.impl.OracleCollectionImpl.createIndex(OracleCollectionImpl.java:1959)<br/>	at oracle.soda.rdbms.impl.OracleCollectionImpl.access$900(OracleCollectionImpl.java:69)<br/>	at oracle.soda.rdbms.impl.OracleCollectionImpl$OracleCollectionAdministrationImpl.createIndex(OracleCollectionImpl.java:2398)<br/>	at oracle.json.tests.soda.test_OracleCollectionAdmin.testCreateIndexTTL(test_OracleCollectionAdmin.java:2300)<br/>	at java.base/jdk.internal.reflect.NativeMethodAccessorImpl.invoke0(Native Method)<br/>	at java.base/jdk.internal.reflect.NativeMethodAccessorImpl.invoke(NativeMethodAccessorImpl.java:62)<br/>	at java.base/jdk.internal.reflect.DelegatingMethodAccessorImpl.invoke(DelegatingMethodAccessorImpl.java:43)<br/>	at oracle.json.testharness.JsonTestCase.run(JsonTestCase.java:45)<br/>Caused by: java.sql.SQLException: ORA-27486: insufficient privileges<br/><br/>https://docs.oracle.com/error-help/db/ora-27486/<br/>	at oracle.jdbc.driver.T4CTTIoer11.processError(T4CTTIoer11.java:702)<br/>	at oracle.jdbc.driver.T4CTTIoer11.processError(T4CTTIoer11.java:608)<br/>	at oracle.jdbc.driver.T4C8Oall.processError(T4C8Oall.java:1277)<br/>	at oracle.jdbc.driver.T4CTTIfun.receive(T4CTTIfun.java:1102)<br/>	at oracle.jdbc.driver.T4CTTIfun.doRPC(T4CTTIfun.java:456)<br/>	at oracle.jdbc.driver.T4C8Oall.doOALL(T4C8Oall.java:482)<br/>	at oracle.jdbc.driver.T4CCallableStatement.doOall8(T4CCallableStatement.java:216)<br/>	at oracle.jdbc.driver.T4CCallableStatement.executeForRows(T4CCallableStatement.java:1164)<br/>	at oracle.jdbc.driver.OracleStatement.executeSQLStatement(OracleStatement.java:1652)<br/>	at oracle.jdbc.driver.OracleStatement.doExecuteWithTimeout(OracleStatement.java:1417)<br/>	at oracle.jdbc.driver.OraclePreparedStatement.executeInternal(OraclePreparedStatement.java:3731)<br/>	at oracle.jdbc.driver.OraclePreparedStatement.execute(OraclePreparedStatement.java:3945)<br/>	at oracle.jdbc.driver.OracleCallableStatement.execute(OracleCallableStatement.java:4202)<br/>	at oracle.jdbc.driver.OraclePreparedStatementWrapper.execute(OraclePreparedStatementWrapper.java:1011)<br/>	at oracle.soda.rdbms.impl.OracleCollectionImpl.callCreateIndexPLSQL(OracleCollectionImpl.java:1771)<br/>Caused by: Error : 27486, Position : 0, SQL = begin<br/>  DBMS_SODA_ADMIN.CREATE_INDEX(<br/>                   P_URI_NAME   => :1 ,<br/>                   P_INDEX_SPEC => :2 );<br/>end;, Original SQL = begin<br/>  DBMS_SODA_ADMIN.CREATE_INDEX(<br/>                   P_URI_NAME   => ?,<br/>                   P_INDEX_SPEC => ?);<br/>end;, Error Message = ORA-27486: insufficient privileges<br/><br/>	at oracle.jdbc.driver.T4CTTIoer11.processError(T4CTTIoer11.java:710)<br/></code></td><td>0.709</td>
            </tr>
            <tr valign="top" class="TableRowColor">
                <td><a href="oracle/json/tests/soda/2_test_OracleCollectionAdmin.html">test_OracleCollectionAdmin</a></td><td><a name="testAnyScalarIndex"></a><a href="oracle/json/tests/soda/2_test_OracleCollectionAdmin.html#testAnyScalarIndex">testAnyScalarIndex</a></td><td>Success</td><td></td><td>0.113</td>
            </tr>
            <tr valign="top" class="TableRowColor">
                <td><a href="oracle/json/tests/soda/2_test_OracleCollectionAdmin.html">test_OracleCollectionAdmin</a></td><td><a name="testDropIndex"></a><a href="oracle/json/tests/soda/2_test_OracleCollectionAdmin.html#testDropIndex">testDropIndex</a></td><td>Success</td><td></td><td>1.997</td>
            </tr>
            <tr valign="top" class="TableRowColor">
                <td><a href="oracle/json/tests/soda/2_test_OracleCollectionAdmin.html">test_OracleCollectionAdmin</a></td><td><a name="testDataGuide"></a><a href="oracle/json/tests/soda/2_test_OracleCollectionAdmin.html#testDataGuide">testDataGuide</a></td><td>Success</td><td></td><td>2.174</td>
            </tr>
            <tr valign="top" class="TableRowColor">
                <td><a href="oracle/json/tests/soda/2_test_OracleCollectionAdmin.html">test_OracleCollectionAdmin</a></td><td><a name="testDataGuideMixedCaseTable"></a><a href="oracle/json/tests/soda/2_test_OracleCollectionAdmin.html#testDataGuideMixedCaseTable">testDataGuideMixedCaseTable</a></td><td>Success</td><td></td><td>1.659</td>
            </tr>
            <tr valign="top" class="Error">
                <td><a href="oracle/json/tests/soda/2_test_OracleCollectionAdmin.html">test_OracleCollectionAdmin</a></td><td><a name="testGetDescription"></a><a href="oracle/json/tests/soda/2_test_OracleCollectionAdmin.html#testGetDescription">testGetDescription</a></td><td>Error</td><td>N/A
                    <br>
                    <br>
                    <code>oracle.soda.rdbms.impl.SODAUtils$1OracleSQLException<br/>	at oracle.soda.rdbms.impl.SODAUtils.makeExceptionWithSQLText(SODAUtils.java:124)<br/>	at oracle.soda.rdbms.impl.SODAUtils.makeExceptionWithSQLText(SODAUtils.java:87)<br/>	at oracle.soda.rdbms.impl.OracleDatabaseImpl.callCreatePLSQL(OracleDatabaseImpl.java:2028)<br/>	at oracle.soda.rdbms.impl.OracleDatabaseImpl.createCollection(OracleDatabaseImpl.java:809)<br/>	at oracle.soda.rdbms.impl.OracleDatabaseImpl.createCollection(OracleDatabaseImpl.java:1088)<br/>	at oracle.soda.rdbms.impl.OracleDatabaseImpl.access$200(OracleDatabaseImpl.java:76)<br/>	at oracle.soda.rdbms.impl.OracleDatabaseImpl$OracleDatabaseAdministrationImpl.createCollection(OracleDatabaseImpl.java:2901)<br/>	at oracle.json.tests.soda.test_OracleCollectionAdmin.testGetDescription(test_OracleCollectionAdmin.java:251)<br/>	at java.base/jdk.internal.reflect.NativeMethodAccessorImpl.invoke0(Native Method)<br/>	at java.base/jdk.internal.reflect.NativeMethodAccessorImpl.invoke(NativeMethodAccessorImpl.java:62)<br/>	at java.base/jdk.internal.reflect.DelegatingMethodAccessorImpl.invoke(DelegatingMethodAccessorImpl.java:43)<br/>	at oracle.json.testharness.JsonTestCase.run(JsonTestCase.java:45)<br/>Caused by: java.sql.SQLException: ORA-28361: Master key not yet set.<br/><br/>https://docs.oracle.com/error-help/db/ora-28361/<br/>	at oracle.jdbc.driver.T4CTTIoer11.processError(T4CTTIoer11.java:702)<br/>	at oracle.jdbc.driver.T4CTTIoer11.processError(T4CTTIoer11.java:608)<br/>	at oracle.jdbc.driver.T4C8Oall.processError(T4C8Oall.java:1277)<br/>	at oracle.jdbc.driver.T4CTTIfun.receive(T4CTTIfun.java:1102)<br/>	at oracle.jdbc.driver.T4CTTIfun.doRPC(T4CTTIfun.java:456)<br/>	at oracle.jdbc.driver.T4C8Oall.doOALL(T4C8Oall.java:482)<br/>	at oracle.jdbc.driver.T4CCallableStatement.doOall8(T4CCallableStatement.java:216)<br/>	at oracle.jdbc.driver.T4CCallableStatement.executeForRows(T4CCallableStatement.java:1164)<br/>	at oracle.jdbc.driver.OracleStatement.executeSQLStatement(OracleStatement.java:1652)<br/>	at oracle.jdbc.driver.OracleStatement.doExecuteWithTimeout(OracleStatement.java:1417)<br/>	at oracle.jdbc.driver.OraclePreparedStatement.executeInternal(OraclePreparedStatement.java:3731)<br/>	at oracle.jdbc.driver.OraclePreparedStatement.execute(OraclePreparedStatement.java:3945)<br/>	at oracle.jdbc.driver.OracleCallableStatement.execute(OracleCallableStatement.java:4202)<br/>	at oracle.jdbc.driver.OraclePreparedStatementWrapper.execute(OraclePreparedStatementWrapper.java:1011)<br/>	at oracle.soda.rdbms.impl.OracleDatabaseImpl.callCreatePLSQL(OracleDatabaseImpl.java:1964)<br/>Caused by: Error : 28361, Position : 0, SQL = begin<br/>  DBMS_SODA_ADMIN.CREATE_COLLECTION(<br/>                   P_URI_NAME    => :1 ,<br/>                   P_CREATE_MODE => :2 ,<br/>                   P_DESCRIPTOR  => :3 ,<br/>                   P_CREATE_TIME => :4 ,<br/>                   P_23C_DRIVER => true);<br/>end;, Original SQL = begin<br/>  DBMS_SODA_ADMIN.CREATE_COLLECTION(<br/>                   P_URI_NAME    => ?,<br/>                   P_CREATE_MODE => ?,<br/>                   P_DESCRIPTOR  => ?,<br/>                   P_CREATE_TIME => ?,<br/>                   P_23C_DRIVER => true);<br/>end;, Error Message = ORA-28361: Master key not yet set.<br/><br/>	at oracle.jdbc.driver.T4CTTIoer11.processError(T4CTTIoer11.java:710)<br/></code></td><td>0.156</td>
            </tr>
            <tr valign="top" class="Failure">
                <td><a href="oracle/json/tests/soda/2_test_OracleCollectionAdmin.html">test_OracleCollectionAdmin</a></td><td><a name="testIsHeterogeneous"></a><a href="oracle/json/tests/soda/2_test_OracleCollectionAdmin.html#testIsHeterogeneous">testIsHeterogeneous</a></td><td>Failure</td><td>N/A
                    <br>
                    <br>
                    <code>junit.framework.AssertionFailedError<br/>	at oracle.json.tests.soda.test_OracleCollectionAdmin.testIsHeterogeneous(test_OracleCollectionAdmin.java:150)<br/>	at java.base/jdk.internal.reflect.NativeMethodAccessorImpl.invoke0(Native Method)<br/>	at java.base/jdk.internal.reflect.NativeMethodAccessorImpl.invoke(NativeMethodAccessorImpl.java:62)<br/>	at java.base/jdk.internal.reflect.DelegatingMethodAccessorImpl.invoke(DelegatingMethodAccessorImpl.java:43)<br/>	at oracle.json.testharness.JsonTestCase.run(JsonTestCase.java:45)<br/></code></td><td>0.239</td>
            </tr>
            <tr valign="top" class="TableRowColor">
                <td><a href="oracle/json/tests/soda/2_test_OracleCollectionAdmin.html">test_OracleCollectionAdmin</a></td><td><a name="testJsonSearchIndex2Blob"></a><a href="oracle/json/tests/soda/2_test_OracleCollectionAdmin.html#testJsonSearchIndex2Blob">testJsonSearchIndex2Blob</a></td><td>Success</td><td></td><td>30.576</td>
            </tr>
            <tr valign="top" class="TableRowColor">
                <td><a href="oracle/json/tests/soda/2_test_OracleCollectionAdmin.html">test_OracleCollectionAdmin</a></td><td><a name="testJsonSearchIndex2Clob"></a><a href="oracle/json/tests/soda/2_test_OracleCollectionAdmin.html#testJsonSearchIndex2Clob">testJsonSearchIndex2Clob</a></td><td>Success</td><td></td><td>29.329</td>
            </tr>
            <tr valign="top" class="TableRowColor">
                <td><a href="oracle/json/tests/soda/2_test_OracleCollectionAdmin.html">test_OracleCollectionAdmin</a></td><td><a name="testJsonSearchIndex2JSON"></a><a href="oracle/json/tests/soda/2_test_OracleCollectionAdmin.html#testJsonSearchIndex2JSON">testJsonSearchIndex2JSON</a></td><td>Success</td><td></td><td>0.085</td>
            </tr>
            <tr valign="top" class="TableRowColor">
                <td><a href="oracle/json/tests/soda/2_test_OracleCollectionAdmin.html">test_OracleCollectionAdmin</a></td><td><a name="testDBObjectNameAndSchemaGetters"></a><a href="oracle/json/tests/soda/2_test_OracleCollectionAdmin.html#testDBObjectNameAndSchemaGetters">testDBObjectNameAndSchemaGetters</a></td><td>Success</td><td></td><td>0.220</td>
            </tr>
            <tr valign="top" class="TableRowColor">
                <td><a href="oracle/json/tests/soda/2_test_OracleCollectionAdmin.html">test_OracleCollectionAdmin</a></td><td><a name="testDropWithUncommittedWrites"></a><a href="oracle/json/tests/soda/2_test_OracleCollectionAdmin.html#testDropWithUncommittedWrites">testDropWithUncommittedWrites</a></td><td>Success</td><td></td><td>0.354</td>
            </tr>
            <tr valign="top" class="TableRowColor">
                <td><a href="oracle/json/tests/soda/2_test_OracleCollectionAdmin.html">test_OracleCollectionAdmin</a></td><td><a name="testCreateIndexNeg2"></a><a href="oracle/json/tests/soda/2_test_OracleCollectionAdmin.html#testCreateIndexNeg2">testCreateIndexNeg2</a></td><td>Success</td><td></td><td>0.284</td>
            </tr>
            <tr valign="top" class="TableRowColor">
                <td><a href="oracle/json/tests/soda/2_test_OracleCollectionAdmin.html">test_OracleCollectionAdmin</a></td><td><a name="testIsReadOnly"></a><a href="oracle/json/tests/soda/2_test_OracleCollectionAdmin.html#testIsReadOnly">testIsReadOnly</a></td><td>Success</td><td></td><td>0.231</td>
            </tr>
        </table>
    </body>
</html>
