<?xml version="1.0" encoding="UTF-8" ?>
<testsuite errors="0" failures="0" hostname="phoenix137785" name="oracle.json.tests.soda.test_OracleOperationBuilder6" tests="75" time="18.477" timestamp="2024-09-26T18:10:17">
  <properties>
[...]
</properties>
  <testcase classname="oracle.json.tests.soda.test_OracleOperationBuilder6" name="testOrderbyVarchar2" time="0.221" />
  <testcase classname="oracle.json.tests.soda.test_OracleOperationBuilder6" name="testOrderByScalarReqBLOB" time="0.243" />
  <testcase classname="oracle.json.tests.soda.test_OracleOperationBuilder6" name="testOrderByScalarReqCLOBWithIndexAndFilter" time="0.301" />
  <testcase classname="oracle.json.tests.soda.test_OracleOperationBuilder6" name="testOrderByScalarReqBLOBWithIndexAndFilter" time="0.302" />
  <testcase classname="oracle.json.tests.soda.test_OracleOperationBuilder6" name="testNestedCondition" time="0.354" />
  <testcase classname="oracle.json.tests.soda.test_OracleOperationBuilder6" name="testNotClob" time="0.255" />
  <testcase classname="oracle.json.tests.soda.test_OracleOperationBuilder6" name="testOrderByScalarReqVARCHAR2WithIndex" time="0.277" />
  <testcase classname="oracle.json.tests.soda.test_OracleOperationBuilder6" name="testOrderByDefaultNegBLOBWithIndex" time="0.219" />
  <testcase classname="oracle.json.tests.soda.test_OracleOperationBuilder6" name="testOrderByDefaultNegBLOBWithFilter" time="0.227" />
  <testcase classname="oracle.json.tests.soda.test_OracleOperationBuilder6" name="testOrderByDefaultNegBLOBWithIndexAndFilter" time="0.274" />
  <testcase classname="oracle.json.tests.soda.test_OracleOperationBuilder6" name="testOrderByDefaultNegCLOB" time="0.217" />
  <testcase classname="oracle.json.tests.soda.test_OracleOperationBuilder6" name="testOrderByDefaultNegCLOBWithIndex" time="0.221" />
  <testcase classname="oracle.json.tests.soda.test_OracleOperationBuilder6" name="testOrderByDefaultNeg2WithFilter" time="0.209" />
  <testcase classname="oracle.json.tests.soda.test_OracleOperationBuilder6" name="testOrderByDefaultNegCLOBWithIndexAndFilter" time="0.217" />
  <testcase classname="oracle.json.tests.soda.test_OracleOperationBuilder6" name="testOrderByDefaultNegVARCHAR2" time="0.201" />
  <testcase classname="oracle.json.tests.soda.test_OracleOperationBuilder6" name="testOrderByDefaultNegVARCHAR2WithIndex" time="0.213" />
  <testcase classname="oracle.json.tests.soda.test_OracleOperationBuilder6" name="testOrderByDefaultNegVARCHAR2WithFilter" time="0.193" />
  <testcase classname="oracle.json.tests.soda.test_OracleOperationBuilder6" name="testOrderByDefaultNegVARCHAR2WithIndexAndFilter" time="0.204" />
  <testcase classname="oracle.json.tests.soda.test_OracleOperationBuilder6" name="testOrderByDefaultNegJSON" time="0.263" />
  <testcase classname="oracle.json.tests.soda.test_OracleOperationBuilder6" name="testOrderByDefaultNegJSONWithIndex" time="0.263" />
  <testcase classname="oracle.json.tests.soda.test_OracleOperationBuilder6" name="testOrderByDefaultNegJSONWithFilter" time="0.255" />
  <testcase classname="oracle.json.tests.soda.test_OracleOperationBuilder6" name="testOrderByDefaultNegJSONWithIndexAndFilter" time="0.264" />
  <testcase classname="oracle.json.tests.soda.test_OracleOperationBuilder6" name="testOrderByLaxLOB" time="0.213" />
  <testcase classname="oracle.json.tests.soda.test_OracleOperationBuilder6" name="testOrderByLaxtBLOBWithIndex" time="0.237" />
  <testcase classname="oracle.json.tests.soda.test_OracleOperationBuilder6" name="testOrderByLaxBLOBWithFilter" time="0.211" />
  <testcase classname="oracle.json.tests.soda.test_OracleOperationBuilder6" name="testOrderByLaxBLOBWithIndexAndFilter" time="0.229" />
  <testcase classname="oracle.json.tests.soda.test_OracleOperationBuilder6" name="testOrderByLaxCLOB" time="0.221" />
  <testcase classname="oracle.json.tests.soda.test_OracleOperationBuilder6" name="testOrderByLaxCLOBWithIndex" time="0.24" />
  <testcase classname="oracle.json.tests.soda.test_OracleOperationBuilder6" name="testOrderByLaxCLOB2WithFilter" time="0.21" />
  <testcase classname="oracle.json.tests.soda.test_OracleOperationBuilder6" name="testOrderByLaxWithIndexAndFilter" time="0.236" />
  <testcase classname="oracle.json.tests.soda.test_OracleOperationBuilder6" name="testOrderByLaxVARCHAR2" time="0.208" />
  <testcase classname="oracle.json.tests.soda.test_OracleOperationBuilder6" name="testOrderByLaxVARCHAR2WithIndex" time="0.218" />
  <testcase classname="oracle.json.tests.soda.test_OracleOperationBuilder6" name="testOrderByLaxVARCHAR2WithFilter" time="0.195" />
  <testcase classname="oracle.json.tests.soda.test_OracleOperationBuilder6" name="testOrderByLaxVARCHAR2WithIndexAndFilter" time="0.226" />
  <testcase classname="oracle.json.tests.soda.test_OracleOperationBuilder6" name="testOrderByLaxJSON" time="0.257" />
  <testcase classname="oracle.json.tests.soda.test_OracleOperationBuilder6" name="testOrderByLaxtJSONWithIndex" time="0.281" />
  <testcase classname="oracle.json.tests.soda.test_OracleOperationBuilder6" name="testOrderByLaxJSONWithFilter" time="0.255" />
  <testcase classname="oracle.json.tests.soda.test_OracleOperationBuilder6" name="testOrderByLaxJSONWithIndexAndFilter" time="0.296" />
  <testcase classname="oracle.json.tests.soda.test_OracleOperationBuilder6" name="testOrderBySimplify" time="0.189" />
  <testcase classname="oracle.json.tests.soda.test_OracleOperationBuilder6" name="testBindTypedParameterStrict" time="0.264" />
  <testcase classname="oracle.json.tests.soda.test_OracleOperationBuilder6" name="testOrderByScalarReqJSON" time="0.262" />
  <testcase classname="oracle.json.tests.soda.test_OracleOperationBuilder6" name="testOrderByScalarReqJSONWithIndex" time="0.332" />
  <testcase classname="oracle.json.tests.soda.test_OracleOperationBuilder6" name="testOrderByScalarReqJSONWithFilter" time="0.264" />
  <testcase classname="oracle.json.tests.soda.test_OracleOperationBuilder6" name="testOrderByScalarReqJSONWithIndexAndFilter" time="0.346" />
  <testcase classname="oracle.json.tests.soda.test_OracleOperationBuilder6" name="testOrderByDefaultBLOB" time="0.21" />
  <testcase classname="oracle.json.tests.soda.test_OracleOperationBuilder6" name="testOrderByDefaultBLOBWithIndex" time="0.278" />
  <testcase classname="oracle.json.tests.soda.test_OracleOperationBuilder6" name="testOrderByDefaultBLOBWithFilter" time="0.238" />
  <testcase classname="oracle.json.tests.soda.test_OracleOperationBuilder6" name="testOrderByDefaultBLOBWithIndexAndFilter" time="0.289" />
  <testcase classname="oracle.json.tests.soda.test_OracleOperationBuilder6" name="testOrderByDefaultCLOB" time="0.204" />
  <testcase classname="oracle.json.tests.soda.test_OracleOperationBuilder6" name="testOrderByDefaultCLOBWithIndex" time="0.275" />
  <testcase classname="oracle.json.tests.soda.test_OracleOperationBuilder6" name="testOrderByDefaultCLOB2WithFilter" time="0.208" />
  <testcase classname="oracle.json.tests.soda.test_OracleOperationBuilder6" name="testOrderByDefaultCLOBWithIndexAndFilter" time="0.296" />
  <testcase classname="oracle.json.tests.soda.test_OracleOperationBuilder6" name="testOrderByDefaultVARCHAR2" time="0.192" />
  <testcase classname="oracle.json.tests.soda.test_OracleOperationBuilder6" name="testOrderByDefaultVARCHAR2WithIndex" time="0.266" />
  <testcase classname="oracle.json.tests.soda.test_OracleOperationBuilder6" name="testOrderByDefaultVARCHAR2WithFilter" time="0.195" />
  <testcase classname="oracle.json.tests.soda.test_OracleOperationBuilder6" name="testOrderByDefaultVARCHAR2WithIndexAndFilter" time="0.285" />
  <testcase classname="oracle.json.tests.soda.test_OracleOperationBuilder6" name="testOrderByDefaultJSON" time="0.262" />
  <testcase classname="oracle.json.tests.soda.test_OracleOperationBuilder6" name="testOrderByDefaultJSONWithIndex" time="0.328" />
  <testcase classname="oracle.json.tests.soda.test_OracleOperationBuilder6" name="testOrderByDefaultJSONWithFilter" time="0.257" />
  <testcase classname="oracle.json.tests.soda.test_OracleOperationBuilder6" name="testOrderByDefaultJSONWithIndexAndFilter" time="0.339" />
  <testcase classname="oracle.json.tests.soda.test_OracleOperationBuilder6" name="testOrderByDefaultNegBLOB" time="0.237" />
  <testcase classname="oracle.json.tests.soda.test_OracleOperationBuilder6" name="testNotBlob" time="0.268" />
  <testcase classname="oracle.json.tests.soda.test_OracleOperationBuilder6" name="testNotVarchar2" time="0.259" />
  <testcase classname="oracle.json.tests.soda.test_OracleOperationBuilder6" name="testNotJSON" time="0.259" />
  <testcase classname="oracle.json.tests.soda.test_OracleOperationBuilder6" name="testOrderbyClob" time="0.211" />
  <testcase classname="oracle.json.tests.soda.test_OracleOperationBuilder6" name="testOrderbyBlob" time="0.208" />
  <testcase classname="oracle.json.tests.soda.test_OracleOperationBuilder6" name="testOrderbyJSON" time="0.242" />
  <testcase classname="oracle.json.tests.soda.test_OracleOperationBuilder6" name="testOrderByScalarReqBLOBWithIndex" time="0.278" />
  <testcase classname="oracle.json.tests.soda.test_OracleOperationBuilder6" name="testOrderByScalarReqBLOBWithFilter" time="0.204" />
  <testcase classname="oracle.json.tests.soda.test_OracleOperationBuilder6" name="testOrderByScalarReqCLOB" time="0.207" />
  <testcase classname="oracle.json.tests.soda.test_OracleOperationBuilder6" name="testOrderByScalarReqCLOBWithIndex" time="0.285" />
  <testcase classname="oracle.json.tests.soda.test_OracleOperationBuilder6" name="testOrderByScalarReqCLOBWithFilter" time="0.211" />
  <testcase classname="oracle.json.tests.soda.test_OracleOperationBuilder6" name="testOrderByScalarReqVARCHAR2" time="0.2" />
  <testcase classname="oracle.json.tests.soda.test_OracleOperationBuilder6" name="testOrderByScalarReqVARCHAR2WithFilter" time="0.201" />
  <testcase classname="oracle.json.tests.soda.test_OracleOperationBuilder6" name="testOrderByScalarReqVARCHAR2WithIndexAndFilter" time="0.278" />
  <system-out><![CDATA[]]></system-out>
  <system-err><![CDATA[]]></system-err>
</testsuite>
